04:26:08 [DEBUG] (1) cs2_sdk::analysis::buttons: found "lookatweapon" at 0x7FFC0092FB20 (client.dll + 0x233FB20)
04:26:08 [DEBUG] (1) cs2_sdk::analysis::buttons: found "zoom" at 0x7FFC0092FA90 (client.dll + 0x233FA90)
04:26:08 [DEBUG] (1) cs2_sdk::analysis::buttons: found "showscores" at 0x7FFC0092FA00 (client.dll + 0x233FA00)
04:26:08 [DEBUG] (1) cs2_sdk::analysis::buttons: found "duck" at 0x7FFC0063FF30 (client.dll + 0x204FF30)
04:26:08 [DEBUG] (1) cs2_sdk::analysis::buttons: found "jump" at 0x7FFC0063FEA0 (client.dll + 0x204FEA0)
04:26:08 [DEBUG] (1) cs2_sdk::analysis::buttons: found "use" at 0x7FFC0063FE10 (client.dll + 0x204FE10)
04:26:08 [DEBUG] (1) cs2_sdk::analysis::buttons: found "right" at 0x7FFC0063FD80 (client.dll + 0x204FD80)
04:26:08 [DEBUG] (1) cs2_sdk::analysis::buttons: found "left" at 0x7FFC0063FCF0 (client.dll + 0x204FCF0)
04:26:08 [DEBUG] (1) cs2_sdk::analysis::buttons: found "back" at 0x7FFC0063FC60 (client.dll + 0x204FC60)
04:26:08 [DEBUG] (1) cs2_sdk::analysis::buttons: found "forward" at 0x7FFC0063FBD0 (client.dll + 0x204FBD0)
04:26:08 [DEBUG] (1) cs2_sdk::analysis::buttons: found "turnright" at 0x7FFC0063FB40 (client.dll + 0x204FB40)
04:26:08 [DEBUG] (1) cs2_sdk::analysis::buttons: found "turnleft" at 0x7FFC0063FAB0 (client.dll + 0x204FAB0)
04:26:08 [DEBUG] (1) cs2_sdk::analysis::buttons: found "attack2" at 0x7FFC0063FA20 (client.dll + 0x204FA20)
04:26:08 [DEBUG] (1) cs2_sdk::analysis::buttons: found "attack" at 0x7FFC0063F990 (client.dll + 0x204F990)
04:26:08 [DEBUG] (1) cs2_sdk::analysis::buttons: found "reload" at 0x7FFC0063F900 (client.dll + 0x204F900)
04:26:08 [DEBUG] (1) cs2_sdk::analysis::buttons: found "sprint" at 0x7FFC0063F870 (client.dll + 0x204F870)
04:26:08 [INFO] found 16 buttons
04:26:08 [DEBUG] (1) cs2_sdk::analysis::interfaces: found "VStringTokenSystem001" at 0x7FFC64B500B0 (tier0.dll + 0x3D00B0)
04:26:08 [DEBUG] (1) cs2_sdk::analysis::interfaces: found "TestScriptMgr001" at 0x7FFC64B1E6F0 (tier0.dll + 0x39E6F0)
04:26:08 [DEBUG] (1) cs2_sdk::analysis::interfaces: found "VProcessUtils002" at 0x7FFC64B1E690 (tier0.dll + 0x39E690)
04:26:08 [DEBUG] (1) cs2_sdk::analysis::interfaces: found "VEngineCvar007" at 0x7FFC64B293B0 (tier0.dll + 0x3A93B0)
04:26:08 [DEBUG] (1) cs2_sdk::analysis::interfaces: found "SimpleEngineLoopService_001" at 0x7FFC511E23A0 (engine2.dll + 0x6123A0)
04:26:08 [DEBUG] (1) cs2_sdk::analysis::interfaces: found "ClientServerEngineLoopService_001" at 0x7FFC514DB000 (engine2.dll + 0x90B000)
04:26:08 [DEBUG] (1) cs2_sdk::analysis::interfaces: found "KeyValueCache001" at 0x7FFC511E2340 (engine2.dll + 0x612340)
04:26:08 [DEBUG] (1) cs2_sdk::analysis::interfaces: found "HostStateMgr001" at 0x7FFC511E2290 (engine2.dll + 0x612290)
04:26:08 [DEBUG] (1) cs2_sdk::analysis::interfaces: found "GameEventSystemServerV001" at 0x7FFC514DACF0 (engine2.dll + 0x90ACF0)
04:26:08 [DEBUG] (1) cs2_sdk::analysis::interfaces: found "GameEventSystemClientV001" at 0x7FFC514DABC0 (engine2.dll + 0x90ABC0)
04:26:08 [DEBUG] (1) cs2_sdk::analysis::interfaces: found "EngineServiceMgr001" at 0x7FFC514DA8E0 (engine2.dll + 0x90A8E0)
04:26:08 [DEBUG] (1) cs2_sdk::analysis::interfaces: found "ClientServerSharedHandleSystem001" at 0x7FFC514DA5B0 (engine2.dll + 0x90A5B0)
04:26:08 [DEBUG] (1) cs2_sdk::analysis::interfaces: found "VProfService_001" at 0x7FFC511E2140 (engine2.dll + 0x612140)
04:26:08 [DEBUG] (1) cs2_sdk::analysis::interfaces: found "ToolService_001" at 0x7FFC511E2100 (engine2.dll + 0x612100)
04:26:08 [DEBUG] (1) cs2_sdk::analysis::interfaces: found "StatsService_001" at 0x7FFC514D9E00 (engine2.dll + 0x909E00)
04:26:08 [DEBUG] (1) cs2_sdk::analysis::interfaces: found "SplitScreenService_001" at 0x7FFC511E1F40 (engine2.dll + 0x611F40)
04:26:08 [DEBUG] (1) cs2_sdk::analysis::interfaces: found "SoundService_001" at 0x7FFC511E1C60 (engine2.dll + 0x611C60)
04:26:08 [DEBUG] (1) cs2_sdk::analysis::interfaces: found "ScreenshotService001" at 0x7FFC514D9A40 (engine2.dll + 0x909A40)
04:26:08 [DEBUG] (1) cs2_sdk::analysis::interfaces: found "RenderService_001" at 0x7FFC514D9780 (engine2.dll + 0x909780)
04:26:08 [DEBUG] (1) cs2_sdk::analysis::interfaces: found "NetworkService_001" at 0x7FFC511E1C20 (engine2.dll + 0x611C20)
04:26:08 [DEBUG] (1) cs2_sdk::analysis::interfaces: found "NetworkServerService_001" at 0x7FFC514D9510 (engine2.dll + 0x909510)
04:26:08 [DEBUG] (1) cs2_sdk::analysis::interfaces: found "NetworkP2PService_001" at 0x7FFC514D9360 (engine2.dll + 0x909360)
04:26:08 [DEBUG] (1) cs2_sdk::analysis::interfaces: found "NetworkClientService_001" at 0x7FFC514D9020 (engine2.dll + 0x909020)
04:26:08 [DEBUG] (1) cs2_sdk::analysis::interfaces: found "MapListService_001" at 0x7FFC514D8E90 (engine2.dll + 0x908E90)
04:26:08 [DEBUG] (1) cs2_sdk::analysis::interfaces: found "InputService_001" at 0x7FFC5149A020 (engine2.dll + 0x8CA020)
04:26:08 [DEBUG] (1) cs2_sdk::analysis::interfaces: found "GameUIService_001" at 0x7FFC51499D30 (engine2.dll + 0x8C9D30)
04:26:08 [DEBUG] (1) cs2_sdk::analysis::interfaces: found "GameResourceServiceServerV001" at 0x7FFC511E1AB0 (engine2.dll + 0x611AB0)
04:26:08 [DEBUG] (1) cs2_sdk::analysis::interfaces: found "GameResourceServiceClientV001" at 0x7FFC511E1A50 (engine2.dll + 0x611A50)
04:26:08 [DEBUG] (1) cs2_sdk::analysis::interfaces: found "BugService001" at 0x7FFC51499900 (engine2.dll + 0x8C9900)
04:26:08 [DEBUG] (1) cs2_sdk::analysis::interfaces: found "BenchmarkService001" at 0x7FFC511E1950 (engine2.dll + 0x611950)
04:26:08 [DEBUG] (1) cs2_sdk::analysis::interfaces: found "VENGINE_GAMEUIFUNCS_VERSION005" at 0x7FFC511DF330 (engine2.dll + 0x60F330)
04:26:08 [DEBUG] (1) cs2_sdk::analysis::interfaces: found "EngineGameUI001" at 0x7FFC511DF2A0 (engine2.dll + 0x60F2A0)
04:26:08 [DEBUG] (1) cs2_sdk::analysis::interfaces: found "INETSUPPORT_001" at 0x7FFC511DB040 (engine2.dll + 0x60B040)
04:26:08 [DEBUG] (1) cs2_sdk::analysis::interfaces: found "Source2EngineToServerStringTable001" at 0x7FFC511DECA0 (engine2.dll + 0x60ECA0)
04:26:08 [DEBUG] (1) cs2_sdk::analysis::interfaces: found "Source2EngineToServer001" at 0x7FFC511DEC78 (engine2.dll + 0x60EC78)
04:26:08 [DEBUG] (1) cs2_sdk::analysis::interfaces: found "Source2EngineToClientStringTable001" at 0x7FFC511DEC00 (engine2.dll + 0x60EC00)
04:26:08 [DEBUG] (1) cs2_sdk::analysis::interfaces: found "Source2EngineToClient001" at 0x7FFC511DEBA0 (engine2.dll + 0x60EBA0)
04:26:08 [DEBUG] (1) cs2_sdk::analysis::interfaces: found "VConComm001" at 0x7FFD029495C0 (vconcomm.dll + 0x395C0)
04:26:08 [DEBUG] (1) cs2_sdk::analysis::interfaces: found "IVALIDATE001" at 0x7FFC6D98D098 (steamclient64.dll + 0x16BD098)
04:26:08 [DEBUG] (1) cs2_sdk::analysis::interfaces: found "SteamClient023" at 0x7FFC6D98A588 (steamclient64.dll + 0x16BA588)
04:26:08 [DEBUG] (1) cs2_sdk::analysis::interfaces: found "SteamClient022" at 0x7FFC6D98A580 (steamclient64.dll + 0x16BA580)
04:26:08 [DEBUG] (1) cs2_sdk::analysis::interfaces: found "SteamClient021" at 0x7FFC6D98A578 (steamclient64.dll + 0x16BA578)
04:26:08 [DEBUG] (1) cs2_sdk::analysis::interfaces: found "SteamClient020" at 0x7FFC6D98A570 (steamclient64.dll + 0x16BA570)
04:26:08 [DEBUG] (1) cs2_sdk::analysis::interfaces: found "SteamClient019" at 0x7FFC6D98A568 (steamclient64.dll + 0x16BA568)
04:26:08 [DEBUG] (1) cs2_sdk::analysis::interfaces: found "SteamClient018" at 0x7FFC6D98A560 (steamclient64.dll + 0x16BA560)
04:26:08 [DEBUG] (1) cs2_sdk::analysis::interfaces: found "SteamClient017" at 0x7FFC6D98A558 (steamclient64.dll + 0x16BA558)
04:26:08 [DEBUG] (1) cs2_sdk::analysis::interfaces: found "SteamClient016" at 0x7FFC6D98A550 (steamclient64.dll + 0x16BA550)
04:26:08 [DEBUG] (1) cs2_sdk::analysis::interfaces: found "SteamClient015" at 0x7FFC6D98A548 (steamclient64.dll + 0x16BA548)
04:26:08 [DEBUG] (1) cs2_sdk::analysis::interfaces: found "SteamClient014" at 0x7FFC6D98A540 (steamclient64.dll + 0x16BA540)
04:26:08 [DEBUG] (1) cs2_sdk::analysis::interfaces: found "SteamClient013" at 0x7FFC6D98A538 (steamclient64.dll + 0x16BA538)
04:26:08 [DEBUG] (1) cs2_sdk::analysis::interfaces: found "SteamClient012" at 0x7FFC6D98A530 (steamclient64.dll + 0x16BA530)
04:26:08 [DEBUG] (1) cs2_sdk::analysis::interfaces: found "SteamClient011" at 0x7FFC6D98A528 (steamclient64.dll + 0x16BA528)
04:26:08 [DEBUG] (1) cs2_sdk::analysis::interfaces: found "SteamClient010" at 0x7FFC6D98A520 (steamclient64.dll + 0x16BA520)
04:26:08 [DEBUG] (1) cs2_sdk::analysis::interfaces: found "SteamClient009" at 0x7FFC6D98A518 (steamclient64.dll + 0x16BA518)
04:26:08 [DEBUG] (1) cs2_sdk::analysis::interfaces: found "SteamClient008" at 0x7FFC6D98A510 (steamclient64.dll + 0x16BA510)
04:26:08 [DEBUG] (1) cs2_sdk::analysis::interfaces: found "SteamClient007" at 0x7FFC6D98A508 (steamclient64.dll + 0x16BA508)
04:26:08 [DEBUG] (1) cs2_sdk::analysis::interfaces: found "SteamClient006" at 0x7FFC6D98A500 (steamclient64.dll + 0x16BA500)
04:26:08 [DEBUG] (1) cs2_sdk::analysis::interfaces: found "p2pvoice002" at 0x7FFC6D7B627F (steamclient64.dll + 0x14E627F)
04:26:08 [DEBUG] (1) cs2_sdk::analysis::interfaces: found "p2pvoicesingleton002" at 0x7FFC6D9650F0 (steamclient64.dll + 0x16950F0)
04:26:08 [DEBUG] (1) cs2_sdk::analysis::interfaces: found "IVALIDATE001" at 0x7FFC7F33F990 (vstdlib_s64.dll + 0x6F990)
04:26:08 [DEBUG] (1) cs2_sdk::analysis::interfaces: found "VEngineCvar002" at 0x7FFC7F33E070 (vstdlib_s64.dll + 0x6E070)
04:26:08 [DEBUG] (1) cs2_sdk::analysis::interfaces: found "VAsyncFileSystem2_001" at 0x7FFC966559E0 (filesystem_stdio.dll + 0x2159E0)
04:26:08 [DEBUG] (1) cs2_sdk::analysis::interfaces: found "VFileSystem017" at 0x7FFC966557A0 (filesystem_stdio.dll + 0x2157A0)
04:26:08 [DEBUG] (1) cs2_sdk::analysis::interfaces: found "InputSystemVersion001" at 0x7FFCFBDD2B50 (inputsystem.dll + 0x42B50)
04:26:08 [DEBUG] (1) cs2_sdk::analysis::interfaces: found "InputStackSystemVersion001" at 0x7FFCFBDD0E30 (inputsystem.dll + 0x40E30)
04:26:08 [DEBUG] (1) cs2_sdk::analysis::interfaces: found "IMEManager001" at 0x7FFCC3FE6B20 (imemanager.dll + 0x36B20)
04:26:08 [DEBUG] (1) cs2_sdk::analysis::interfaces: found "Localize_001" at 0x7FFCBE472180 (localize.dll + 0x62180)
04:26:08 [DEBUG] (1) cs2_sdk::analysis::interfaces: found "RenderUtils_001" at 0x7FFC5D05BE28 (rendersystemdx11.dll + 0x42BE28)
04:26:08 [DEBUG] (1) cs2_sdk::analysis::interfaces: found "VRenderDeviceMgrBackdoor001" at 0x7FFC5D05B5D0 (rendersystemdx11.dll + 0x42B5D0)
04:26:08 [DEBUG] (1) cs2_sdk::analysis::interfaces: found "RenderDeviceMgr001" at 0x7FFC5D05B530 (rendersystemdx11.dll + 0x42B530)
04:26:08 [DEBUG] (1) cs2_sdk::analysis::interfaces: found "ResourceSystem013" at 0x7FFCBBA531E0 (resourcesystem.dll + 0x831E0)
04:26:08 [DEBUG] (1) cs2_sdk::analysis::interfaces: found "SchemaSystem_001" at 0x7FFCBB9C6800 (schemasystem.dll + 0x76800)
04:26:08 [DEBUG] (1) cs2_sdk::analysis::interfaces: found "MaterialUtils_001" at 0x7FFCA31C5D40 (materialsystem2.dll + 0x145D40)
04:26:08 [DEBUG] (1) cs2_sdk::analysis::interfaces: found "TextLayout_001" at 0x7FFCA31C5CD0 (materialsystem2.dll + 0x145CD0)
04:26:08 [DEBUG] (1) cs2_sdk::analysis::interfaces: found "PostProcessingSystem_001" at 0x7FFCA31C5C50 (materialsystem2.dll + 0x145C50)
04:26:08 [DEBUG] (1) cs2_sdk::analysis::interfaces: found "FontManager_001" at 0x7FFCA31DDE60 (materialsystem2.dll + 0x15DE60)
04:26:08 [DEBUG] (1) cs2_sdk::analysis::interfaces: found "VMaterialSystem2_001" at 0x7FFCA31DD750 (materialsystem2.dll + 0x15D750)
04:26:08 [DEBUG] (1) cs2_sdk::analysis::interfaces: found "MeshSystem001" at 0x7FFC88280C20 (meshsystem.dll + 0x150C20)
04:26:08 [DEBUG] (1) cs2_sdk::analysis::interfaces: found "WorldRendererMgr001" at 0x7FFC63655C40 (worldrenderer.dll + 0x225C40)
04:26:08 [DEBUG] (1) cs2_sdk::analysis::interfaces: found "IPulseSystem_001" at 0x7FFC5CBF36A0 (pulse_system.dll + 0x1F36A0)
04:26:08 [DEBUG] (1) cs2_sdk::analysis::interfaces: found "VScriptManager010" at 0x7FFCA7EBB410 (vscript.dll + 0x13B410)
04:26:08 [DEBUG] (1) cs2_sdk::analysis::interfaces: found "SerializedEntitiesVersion001" at 0x7FFC49166F40 (networksystem.dll + 0x286F40)
04:26:08 [DEBUG] (1) cs2_sdk::analysis::interfaces: found "NetworkSystemVersion001" at 0x7FFC49166E50 (networksystem.dll + 0x286E50)
04:26:08 [DEBUG] (1) cs2_sdk::analysis::interfaces: found "NetworkMessagesVersion001" at 0x7FFC491759D0 (networksystem.dll + 0x2959D0)
04:26:08 [DEBUG] (1) cs2_sdk::analysis::interfaces: found "FlattenedSerializersVersion001" at 0x7FFC4914D700 (networksystem.dll + 0x26D700)
04:26:08 [DEBUG] (1) cs2_sdk::analysis::interfaces: found "AnimationSystemUtils_001" at 0x7FFC44262190 (animationsystem.dll + 0x812190)
04:26:08 [DEBUG] (1) cs2_sdk::analysis::interfaces: found "AnimationSystem_001" at 0x7FFC4425A0B0 (animationsystem.dll + 0x80A0B0)
04:26:08 [DEBUG] (1) cs2_sdk::analysis::interfaces: found "VPhysics2_Interface_001" at 0x7FFC48DADDA0 (vphysics2.dll + 0x40DDA0)
04:26:08 [DEBUG] (1) cs2_sdk::analysis::interfaces: found "SoundOpSystem001" at 0x7FFC438D29C0 (soundsystem.dll + 0x5129C0)
04:26:08 [DEBUG] (1) cs2_sdk::analysis::interfaces: found "SoundOpSystemEdit001" at 0x7FFC438D2880 (soundsystem.dll + 0x512880)
04:26:08 [DEBUG] (1) cs2_sdk::analysis::interfaces: found "VMixEditTool001" at 0x7FFC48D087BF (soundsystem.dll + 0x59487BF)
04:26:08 [DEBUG] (1) cs2_sdk::analysis::interfaces: found "SoundSystem001" at 0x7FFC438D2360 (soundsystem.dll + 0x512360)
04:26:08 [DEBUG] (1) cs2_sdk::analysis::interfaces: found "SteamAudio001" at 0x7FFC501CE620 (steamaudio.dll + 0x25E620)
04:26:08 [DEBUG] (1) cs2_sdk::analysis::interfaces: found "SceneUtils_001" at 0x7FFC3B1B4AB0 (scenesystem.dll + 0x664AB0)
04:26:08 [DEBUG] (1) cs2_sdk::analysis::interfaces: found "SceneSystem_002" at 0x7FFC3B42B490 (scenesystem.dll + 0x8DB490)
04:26:08 [DEBUG] (1) cs2_sdk::analysis::interfaces: found "RenderingPipelines_001" at 0x7FFC3B1B3BA0 (scenesystem.dll + 0x663BA0)
04:26:08 [DEBUG] (1) cs2_sdk::analysis::interfaces: found "ParticleSystemMgr003" at 0x7FFC3A8BA3C0 (particles.dll + 0x54A3C0)
04:26:08 [DEBUG] (1) cs2_sdk::analysis::interfaces: found "PanoramaUIClient001" at 0x7FFC39E06420 (panoramauiclient.dll + 0x296420)
04:26:08 [DEBUG] (1) cs2_sdk::analysis::interfaces: found "PanoramaUIEngine001" at 0x7FFC32D46D30 (panorama.dll + 0x506D30)
04:26:08 [DEBUG] (1) cs2_sdk::analysis::interfaces: found "PanoramaTextServices001" at 0x7FFC37D58A40 (panorama_text_pango.dll + 0x2B8A40)
04:26:08 [DEBUG] (1) cs2_sdk::analysis::interfaces: found "Source2V8System001" at 0x7FFCBB641730 (v8system.dll + 0x31730)
04:26:08 [DEBUG] (1) cs2_sdk::analysis::interfaces: found "NavGameTest001" at 0x7FFC16F9C240 (server.dll + 0x1C9C240)
04:26:08 [DEBUG] (1) cs2_sdk::analysis::interfaces: found "ServerToolsInfo_001" at 0x7FFC16F49228 (server.dll + 0x1C49228)
04:26:08 [DEBUG] (1) cs2_sdk::analysis::interfaces: found "Source2GameClients001" at 0x7FFC16F47C80 (server.dll + 0x1C47C80)
04:26:08 [DEBUG] (1) cs2_sdk::analysis::interfaces: found "Source2GameEntities001" at 0x7FFC16F48930 (server.dll + 0x1C48930)
04:26:08 [DEBUG] (1) cs2_sdk::analysis::interfaces: found "Source2Server001" at 0x7FFC16F48780 (server.dll + 0x1C48780)
04:26:08 [DEBUG] (1) cs2_sdk::analysis::interfaces: found "EmptyWorldService001_Server" at 0x7FFC16EEFD30 (server.dll + 0x1BEFD30)
04:26:08 [DEBUG] (1) cs2_sdk::analysis::interfaces: found "Source2ServerConfig001" at 0x7FFC171FEA88 (server.dll + 0x1EFEA88)
04:26:08 [DEBUG] (1) cs2_sdk::analysis::interfaces: found "EntitySubclassUtilsV001" at 0x7FFC16E9B3B0 (server.dll + 0x1B9B3B0)
04:26:08 [DEBUG] (1) cs2_sdk::analysis::interfaces: found "customnavsystem001" at 0x7FFC16E7C698 (server.dll + 0x1B7C698)
04:26:08 [DEBUG] (1) cs2_sdk::analysis::interfaces: found "Source2GameDirector001" at 0x7FFC170E17F0 (server.dll + 0x1DE17F0)
04:26:08 [DEBUG] (1) cs2_sdk::analysis::interfaces: found "LegacyGameUI001" at 0x7FFC006575C0 (client.dll + 0x20675C0)
04:26:08 [DEBUG] (1) cs2_sdk::analysis::interfaces: found "Source2ClientUI001" at 0x7FFC00655B20 (client.dll + 0x2065B20)
04:26:08 [DEBUG] (1) cs2_sdk::analysis::interfaces: found "Source2ClientPrediction001" at 0x7FFC00646610 (client.dll + 0x2056610)
04:26:08 [DEBUG] (1) cs2_sdk::analysis::interfaces: found "ClientToolsInfo_001" at 0x7FFC0063F1C0 (client.dll + 0x204F1C0)
04:26:08 [DEBUG] (1) cs2_sdk::analysis::interfaces: found "Source2Client002" at 0x7FFC00915F10 (client.dll + 0x2325F10)
04:26:08 [DEBUG] (1) cs2_sdk::analysis::interfaces: found "GameClientExports001" at 0x7FFC0063BE60 (client.dll + 0x204BE60)
04:26:08 [DEBUG] (1) cs2_sdk::analysis::interfaces: found "EmptyWorldService001_Client" at 0x7FFC00602AA0 (client.dll + 0x2012AA0)
04:26:08 [DEBUG] (1) cs2_sdk::analysis::interfaces: found "Source2ClientConfig001" at 0x7FFC00887F10 (client.dll + 0x2297F10)
04:26:08 [DEBUG] (1) cs2_sdk::analysis::interfaces: found "Source2Host001" at 0x7FFC69E693C0 (host.dll + 0x1393C0)
04:26:08 [DEBUG] (1) cs2_sdk::analysis::interfaces: found "SinglePlayerSharedMemory001" at 0x7FFC69E69350 (host.dll + 0x139350)
04:26:08 [DEBUG] (1) cs2_sdk::analysis::interfaces: found "SaveRestoreDataVersion001" at 0x7FFC69E69320 (host.dll + 0x139320)
04:26:08 [DEBUG] (1) cs2_sdk::analysis::interfaces: found "PredictionDiffManager001" at 0x7FFC69E691F0 (host.dll + 0x1391F0)
04:26:08 [DEBUG] (1) cs2_sdk::analysis::interfaces: found "HostUtils001" at 0x7FFC69E78AB0 (host.dll + 0x148AB0)
04:26:08 [DEBUG] (1) cs2_sdk::analysis::interfaces: found "GameSystem2HostHook" at 0x7FFC69E690E0 (host.dll + 0x1390E0)
04:26:08 [DEBUG] (1) cs2_sdk::analysis::interfaces: found "GameModelInfo001" at 0x7FFC69E690A0 (host.dll + 0x1390A0)
04:26:08 [DEBUG] (1) cs2_sdk::analysis::interfaces: found "DebugDrawQueueManager001" at 0x7FFC69E69060 (host.dll + 0x139060)
04:26:08 [DEBUG] (1) cs2_sdk::analysis::interfaces: found "SceneFileCache002" at 0x7FFC67065A78 (scenefilecache.dll + 0xF5A78)
04:26:08 [DEBUG] (1) cs2_sdk::analysis::interfaces: found "ResponseRulesCache001" at 0x7FFC670658F0 (scenefilecache.dll + 0xF58F0)
04:26:08 [DEBUG] (1) cs2_sdk::analysis::interfaces: found "GameTypes001" at 0x7FFC5EBA0F80 (matchmaking.dll + 0x1B0F80)
04:26:08 [DEBUG] (1) cs2_sdk::analysis::interfaces: found "MATCHFRAMEWORK_001" at 0x7FFC5EBA9060 (matchmaking.dll + 0x1B9060)
04:26:08 [DEBUG] (1) cs2_sdk::analysis::interfaces: found "NavSystem001" at 0x7FFC654D2930 (navsystem.dll + 0x122930)
04:26:08 [INFO] found 132 interfaces across 34 modules
04:26:09 [DEBUG] (1) cs2_sdk::analysis::offsets::client: found "dwCSGOInput" at 0x7FFC0092FC00 (client.dll + 0x233FC00)
04:26:09 [DEBUG] (1) cs2_sdk::analysis::offsets::client: found "dwEntityList" at 0x7FFC00AC0DC0 (client.dll + 0x24D0DC0)
04:26:09 [DEBUG] (1) cs2_sdk::analysis::offsets::client: found "dwGameEntitySystem" at 0x7FFC00AC0DC0 (client.dll + 0x24D0DC0)
04:26:09 [DEBUG] (1) cs2_sdk::analysis::offsets::client: found "dwGameEntitySystem_highestEntityIndex" at 0x7FFBFE5F2090 (client.dll + 0x2090)
04:26:09 [DEBUG] (1) cs2_sdk::analysis::offsets::client: found "dwGameRules" at 0x7FFBFFFE0A60 (client.dll + 0x19F0A60)
04:26:09 [DEBUG] (1) cs2_sdk::analysis::offsets::client: found "dwGlobalVars" at 0x7FFC0063B5D8 (client.dll + 0x204B5D8)
04:26:09 [DEBUG] (1) cs2_sdk::analysis::offsets::client: found "dwGlowManager" at 0x7FFC00917D40 (client.dll + 0x2327D40)
04:26:09 [DEBUG] (1) cs2_sdk::analysis::offsets::client: found "dwLocalPlayerController" at 0x7FFC008FA4F0 (client.dll + 0x230A4F0)
04:26:09 [DEBUG] (1) cs2_sdk::analysis::offsets::client: found "dwLocalPlayerPawn" at 0x7FFC00646700 (client.dll + 0x2056700)
04:26:09 [DEBUG] (1) cs2_sdk::analysis::offsets::client: found "dwPlantedC4" at 0x7FFC00928A68 (client.dll + 0x2338A68)
04:26:09 [DEBUG] (1) cs2_sdk::analysis::offsets::client: found "dwPrediction" at 0x7FFC00646610 (client.dll + 0x2056610)
04:26:09 [DEBUG] (1) cs2_sdk::analysis::offsets::client: found "dwSensitivity" at 0x7FFC00918858 (client.dll + 0x2328858)
04:26:09 [DEBUG] (1) cs2_sdk::analysis::offsets::client: found "dwSensitivity_sensitivity" at 0x7FFBFE5F0058 (client.dll + 0x58)
04:26:09 [DEBUG] (1) cs2_sdk::analysis::offsets::client: found "dwViewAngles" at 0x7FFC00930288 (client.dll + 0x2340288)
04:26:09 [DEBUG] (1) cs2_sdk::analysis::offsets::client: found "dwViewMatrix" at 0x7FFC00920AE0 (client.dll + 0x2330AE0)
04:26:09 [DEBUG] (1) cs2_sdk::analysis::offsets::client: found "dwViewRender" at 0x7FFC0091FCD0 (client.dll + 0x232FCD0)
04:26:09 [DEBUG] (1) cs2_sdk::analysis::offsets::client: found "dwWeaponC4" at 0x7FFC00898E38 (client.dll + 0x22A8E38)
04:26:09 [DEBUG] (1) cs2_sdk::analysis::offsets::engine2: found "dwBuildNumber" at 0x7FFC511DBC74 (engine2.dll + 0x60BC74)
04:26:09 [DEBUG] (1) cs2_sdk::analysis::offsets::engine2: found "dwNetworkGameClient" at 0x7FFC514D90C0 (engine2.dll + 0x9090C0)
04:26:09 [DEBUG] (1) cs2_sdk::analysis::offsets::engine2: found "dwNetworkGameClient_clientTickCount" at 0x7FFC50BD0378 (engine2.dll + 0x378)
04:26:09 [DEBUG] (1) cs2_sdk::analysis::offsets::engine2: found "dwNetworkGameClient_deltaTick" at 0x7FFC50BD024C (engine2.dll + 0x24C)
04:26:09 [DEBUG] (1) cs2_sdk::analysis::offsets::engine2: found "dwNetworkGameClient_isBackgroundMap" at 0x7FFC50E9141F (engine2.dll + 0x2C141F)
04:26:09 [DEBUG] (1) cs2_sdk::analysis::offsets::engine2: found "dwNetworkGameClient_localPlayer" at 0x7FFC50BD00F8 (engine2.dll + 0xF8)
04:26:09 [DEBUG] (1) cs2_sdk::analysis::offsets::engine2: found "dwNetworkGameClient_maxClients" at 0x7FFC50BD0240 (engine2.dll + 0x240)
04:26:09 [DEBUG] (1) cs2_sdk::analysis::offsets::engine2: found "dwNetworkGameClient_serverTickCount" at 0x7FFC50BD024C (engine2.dll + 0x24C)
04:26:09 [DEBUG] (1) cs2_sdk::analysis::offsets::engine2: found "dwNetworkGameClient_signOnState" at 0x7FFC50BD0230 (engine2.dll + 0x230)
04:26:09 [DEBUG] (1) cs2_sdk::analysis::offsets::engine2: found "dwWindowHeight" at 0x7FFC514DD4EC (engine2.dll + 0x90D4EC)
04:26:09 [DEBUG] (1) cs2_sdk::analysis::offsets::engine2: found "dwWindowWidth" at 0x7FFC514DD4E8 (engine2.dll + 0x90D4E8)
04:26:09 [DEBUG] (1) cs2_sdk::analysis::offsets::input_system: found "dwInputSystem" at 0x7FFCFBDD2B50 (input_system.dll + 0x42B50)
04:26:09 [DEBUG] (1) cs2_sdk::analysis::offsets::matchmaking: found "dwGameTypes" at 0x7FFC5EBA0F80 (matchmaking.dll + 0x1B0F80)
04:26:09 [DEBUG] (1) cs2_sdk::analysis::offsets::soundsystem: found "dwSoundSystem" at 0x7FFC438D2360 (soundsystem.dll + 0x512360)
04:26:09 [DEBUG] (1) cs2_sdk::analysis::offsets::soundsystem: found "dwSoundSystem_engineViewData" at 0x7FFC433C007C (soundsystem.dll + 0x7C)
04:26:09 [INFO] found 32 offsets across 5 modules
04:26:09 [DEBUG] (1) cs2_sdk::analysis::schemas: module "schemasystem.dll" contains 7 class(es) and 2 enum(s)
04:26:09 [DEBUG] (1) cs2_sdk::analysis::schemas: module "resourcesystem.dll" contains 58 class(es) and 2 enum(s)
04:26:09 [DEBUG] (1) cs2_sdk::analysis::schemas: module "rendersystemdx11.dll" contains 8 class(es) and 8 enum(s)
04:26:09 [DEBUG] (1) cs2_sdk::analysis::schemas: module "engine2.dll" contains 56 class(es) and 2 enum(s)
04:26:09 [DEBUG] (1) cs2_sdk::analysis::schemas: module "materialsystem2.dll" contains 14 class(es) and 5 enum(s)
04:26:09 [DEBUG] (1) cs2_sdk::analysis::schemas: module "networksystem.dll" contains 1 class(es) and 0 enum(s)
04:26:09 [DEBUG] (1) cs2_sdk::analysis::schemas: module "animationsystem.dll" contains 695 class(es) and 148 enum(s)
04:26:09 [DEBUG] (1) cs2_sdk::analysis::schemas: module "vphysics2.dll" contains 110 class(es) and 5 enum(s)
04:26:09 [DEBUG] (1) cs2_sdk::analysis::schemas: module "soundsystem.dll" contains 136 class(es) and 26 enum(s)
04:26:09 [DEBUG] (1) cs2_sdk::analysis::schemas: module "steamaudio.dll" contains 17 class(es) and 0 enum(s)
04:26:09 [DEBUG] (1) cs2_sdk::analysis::schemas: module "scenesystem.dll" contains 9 class(es) and 5 enum(s)
04:26:09 [DEBUG] (1) cs2_sdk::analysis::schemas: module "worldrenderer.dll" contains 32 class(es) and 3 enum(s)
04:26:09 [DEBUG] (1) cs2_sdk::analysis::schemas: module "pulse_system.dll" contains 99 class(es) and 5 enum(s)
04:26:09 [DEBUG] (1) cs2_sdk::analysis::schemas: module "particles.dll" contains 501 class(es) and 76 enum(s)
04:26:09 [DEBUG] (1) cs2_sdk::analysis::schemas: module "panorama.dll" contains 0 class(es) and 2 enum(s)
04:26:09 [DEBUG] (1) cs2_sdk::analysis::schemas: module "server.dll" contains 944 class(es) and 179 enum(s)
04:26:09 [DEBUG] (1) cs2_sdk::analysis::schemas: module "client.dll" contains 535 class(es) and 12 enum(s)
04:26:09 [DEBUG] (1) cs2_sdk::analysis::schemas: module "host.dll" contains 2 class(es) and 0 enum(s)
04:26:09 [INFO] found 3224 classes and 480 enums across 18 modules
04:26:09 [INFO] scanning client.dll for skinchanger patterns
04:26:09 [INFO] found EquipItemInLoadout: 0x7C2180
04:26:09 [INFO] found SetMeshGroupMask: 0xA2D990
04:26:09 [INFO] found GetItemInLoadout: 0x7C3DA0
04:26:09 [INFO] found SetModel: 0x8DAFC0
04:26:09 [INFO] found RegenerateWeaponSkin: 0x78C2D0
04:26:09 [INFO] found CreateSOSubclassEconItem: 0xFF7CA0
04:26:09 [INFO] scanning materialsystem2.dll for material patterns
04:26:09 [INFO] found FindParameter: 0x11E30
04:26:09 [INFO] found PrepareSceneMaterial: 0x11BE0
04:26:09 [INFO] found UpdateParameter: 0x12370
04:26:09 [INFO] skinchanger analysis complete: found 9 patterns across 2 modules
04:26:09 [INFO] found 9 skinchanger patterns across 2 modules
04:26:09 [DEBUG] (1) cs2_sdk::analysis::vtables: animationsystem.dll::AnimationSystemUtils_001 vtable @ animationsystem.dll+0x6EB6B0 (3 methods, rtti=Some("CAnimationSystemUtils"))
04:26:09 [DEBUG] (1) cs2_sdk::analysis::vtables: animationsystem.dll::AnimationSystem_001 vtable @ animationsystem.dll+0x6EB8D8 (216 methods, rtti=Some("CAnimationSystem"))
04:26:09 [DEBUG] (1) cs2_sdk::analysis::vtables: client.dll::ClientToolsInfo_001 vtable @ client.dll+0x1A9EBB8 (11 methods, rtti=Some("CClientToolsInfo"))
04:26:09 [DEBUG] (1) cs2_sdk::analysis::vtables: client.dll::EmptyWorldService001_Client vtable @ client.dll+0x19FDA50 (23 methods, rtti=Some("CEmptyWorldService"))
04:26:09 [DEBUG] (1) cs2_sdk::analysis::vtables: client.dll::GameClientExports001 vtable @ client.dll+0x1A9F260 (19 methods, rtti=Some("CGameClientExports"))
04:26:09 [DEBUG] (1) cs2_sdk::analysis::vtables: client.dll::LegacyGameUI001 vtable @ client.dll+0x1AEB498 (37 methods, rtti=Some("CLegacyGameUI"))
04:26:09 [DEBUG] (1) cs2_sdk::analysis::vtables: client.dll::Source2Client002 vtable @ client.dll+0x1AA1B88 (231 methods, rtti=Some("CSource2Client"))
04:26:09 [DEBUG] (1) cs2_sdk::analysis::vtables: client.dll::Source2ClientConfig001 vtable @ client.dll+0x19EC308 (64 methods, rtti=Some("CCSGameConfiguration"))
04:26:09 [DEBUG] (1) cs2_sdk::analysis::vtables: client.dll::Source2ClientPrediction001 vtable @ client.dll+0x1AB0090 (34 methods, rtti=Some("CPrediction"))
04:26:09 [DEBUG] (1) cs2_sdk::analysis::vtables: client.dll::Source2ClientUI001 vtable @ client.dll+0x1ADFCE0 (29 methods, rtti=Some("CCsgoClientUI"))
04:26:09 [DEBUG] (1) cs2_sdk::analysis::vtables: engine2.dll::BenchmarkService001 vtable @ engine2.dll+0x56A158 (118 methods, rtti=Some("CBenchmarkService"))
04:26:09 [DEBUG] (1) cs2_sdk::analysis::vtables: engine2.dll::BugService001 vtable @ engine2.dll+0x56A450 (23 methods, rtti=Some("CBugService"))
04:26:09 [DEBUG] (1) cs2_sdk::analysis::vtables: engine2.dll::ClientServerEngineLoopService_001 vtable @ engine2.dll+0x57F048 (32 methods, rtti=Some("CLoopTypeClientServerService"))
04:26:09 [DEBUG] (1) cs2_sdk::analysis::vtables: engine2.dll::ClientServerSharedHandleSystem001 vtable @ engine2.dll+0x576790 (14 methods, rtti=Some("CClientServerSharedHandleSystem"))
04:26:09 [DEBUG] (1) cs2_sdk::analysis::vtables: engine2.dll::EngineGameUI001 vtable @ engine2.dll+0x552690 (31 methods, rtti=Some("CEngineGameUI"))
04:26:09 [DEBUG] (1) cs2_sdk::analysis::vtables: engine2.dll::EngineServiceMgr001 vtable @ engine2.dll+0x57BAD0 (64 methods, rtti=Some("CEngineServiceMgr"))
04:26:09 [DEBUG] (1) cs2_sdk::analysis::vtables: engine2.dll::GameEventSystemClientV001 vtable @ engine2.dll+0x57BF78 (95 methods, rtti=Some("CGameEventSystem"))
04:26:09 [DEBUG] (1) cs2_sdk::analysis::vtables: engine2.dll::GameEventSystemServerV001 vtable @ engine2.dll+0x57BF78 (95 methods, rtti=Some("CGameEventSystem"))
04:26:09 [DEBUG] (1) cs2_sdk::analysis::vtables: engine2.dll::GameResourceServiceClientV001 vtable @ engine2.dll+0x56B608 (89 methods, rtti=Some("CGameResourceService"))
04:26:09 [DEBUG] (1) cs2_sdk::analysis::vtables: engine2.dll::GameResourceServiceServerV001 vtable @ engine2.dll+0x56B608 (89 methods, rtti=Some("CGameResourceService"))
04:26:09 [DEBUG] (1) cs2_sdk::analysis::vtables: engine2.dll::GameUIService_001 vtable @ engine2.dll+0x56C1D8 (45 methods, rtti=Some("CGameUIService"))
04:26:09 [DEBUG] (1) cs2_sdk::analysis::vtables: engine2.dll::HostStateMgr001 vtable @ engine2.dll+0x57CF98 (25 methods, rtti=Some("CHostStateMgr"))
04:26:09 [DEBUG] (1) cs2_sdk::analysis::vtables: engine2.dll::INETSUPPORT_001 vtable @ engine2.dll+0x549068 (140 methods, rtti=Some("CNetSupportImpl"))
04:26:09 [DEBUG] (1) cs2_sdk::analysis::vtables: engine2.dll::InputService_001 vtable @ engine2.dll+0x56EBD0 (64 methods, rtti=Some("CInputService"))
04:26:09 [DEBUG] (1) cs2_sdk::analysis::vtables: engine2.dll::KeyValueCache001 vtable @ engine2.dll+0x57D080 (17 methods, rtti=Some("CKeyValueCache"))
04:26:09 [DEBUG] (1) cs2_sdk::analysis::vtables: engine2.dll::MapListService_001 vtable @ engine2.dll+0x56F5F0 (26 methods, rtti=Some("CMapListService"))
04:26:09 [DEBUG] (1) cs2_sdk::analysis::vtables: engine2.dll::NetworkClientService_001 vtable @ engine2.dll+0x5708D0 (64 methods, rtti=Some("CNetworkClientService"))
04:26:09 [DEBUG] (1) cs2_sdk::analysis::vtables: engine2.dll::NetworkP2PService_001 vtable @ engine2.dll+0x571658 (100 methods, rtti=Some("CNetworkP2PService"))
04:26:09 [DEBUG] (1) cs2_sdk::analysis::vtables: engine2.dll::NetworkServerService_001 vtable @ engine2.dll+0x571A38 (70 methods, rtti=Some("CNetworkServerService"))
04:26:09 [DEBUG] (1) cs2_sdk::analysis::vtables: engine2.dll::NetworkService_001 vtable @ engine2.dll+0x572788 (24 methods, rtti=Some("CNetworkService"))
04:26:09 [DEBUG] (1) cs2_sdk::analysis::vtables: engine2.dll::RenderService_001 vtable @ engine2.dll+0x573048 (44 methods, rtti=Some("CRenderService"))
04:26:09 [DEBUG] (1) cs2_sdk::analysis::vtables: engine2.dll::ScreenshotService001 vtable @ engine2.dll+0x5732E8 (36 methods, rtti=Some("CScreenshotService"))
04:26:09 [DEBUG] (1) cs2_sdk::analysis::vtables: engine2.dll::SimpleEngineLoopService_001 vtable @ engine2.dll+0x57F1C0 (27 methods, rtti=Some("CLoopTypeSimpleService"))
04:26:09 [DEBUG] (1) cs2_sdk::analysis::vtables: engine2.dll::SoundService_001 vtable @ engine2.dll+0x5743A8 (37 methods, rtti=Some("CSoundService"))
04:26:09 [DEBUG] (1) cs2_sdk::analysis::vtables: engine2.dll::Source2EngineToClient001 vtable @ engine2.dll+0x533A60 (191 methods, rtti=Some("CEngineClient"))
04:26:09 [DEBUG] (1) cs2_sdk::analysis::vtables: engine2.dll::Source2EngineToClientStringTable001 vtable @ engine2.dll+0x5491E0 (93 methods, rtti=Some("CNetworkStringTableContainer"))
04:26:09 [DEBUG] (1) cs2_sdk::analysis::vtables: engine2.dll::Source2EngineToServer001 vtable @ engine2.dll+0x53ACD0 (164 methods, rtti=Some("CEngineServer"))
04:26:09 [DEBUG] (1) cs2_sdk::analysis::vtables: engine2.dll::Source2EngineToServerStringTable001 vtable @ engine2.dll+0x5491E0 (93 methods, rtti=Some("CNetworkStringTableContainer"))
04:26:09 [DEBUG] (1) cs2_sdk::analysis::vtables: engine2.dll::SplitScreenService_001 vtable @ engine2.dll+0x574F08 (48 methods, rtti=Some("CSplitScreenService"))
04:26:09 [DEBUG] (1) cs2_sdk::analysis::vtables: engine2.dll::StatsService_001 vtable @ engine2.dll+0x575740 (34 methods, rtti=Some("CStatsService"))
04:26:09 [DEBUG] (1) cs2_sdk::analysis::vtables: engine2.dll::ToolService_001 vtable @ engine2.dll+0x575BF8 (91 methods, rtti=Some("CToolService"))
04:26:09 [DEBUG] (1) cs2_sdk::analysis::vtables: engine2.dll::VENGINE_GAMEUIFUNCS_VERSION005 vtable @ engine2.dll+0x5527B0 (17 methods, rtti=Some("CGameUIFuncs"))
04:26:09 [DEBUG] (1) cs2_sdk::analysis::vtables: engine2.dll::VProfService_001 vtable @ engine2.dll+0x576460 (25 methods, rtti=Some("CVProfService"))
04:26:09 [DEBUG] (1) cs2_sdk::analysis::vtables: filesystem_stdio.dll::VAsyncFileSystem2_001 vtable @ filesystem_stdio.dll+0x1AEDF8 (25 methods, rtti=Some("CAsyncFileSystem2"))
04:26:09 [DEBUG] (1) cs2_sdk::analysis::vtables: filesystem_stdio.dll::VFileSystem017 vtable @ filesystem_stdio.dll+0x1B0EC8 (141 methods, rtti=Some("CFileSystem_Stdio"))
04:26:09 [DEBUG] (1) cs2_sdk::analysis::vtables: host.dll::DebugDrawQueueManager001 vtable @ host.dll+0x116B68 (14 methods, rtti=Some("CDebugDrawQueueMgr"))
04:26:09 [DEBUG] (1) cs2_sdk::analysis::vtables: host.dll::GameModelInfo001 vtable @ host.dll+0x116C38 (17 methods, rtti=Some("CGameModelInfo"))
04:26:09 [DEBUG] (1) cs2_sdk::analysis::vtables: host.dll::GameSystem2HostHook vtable @ host.dll+0x116D80 (15 methods, rtti=Some("CGameSystem2HostHook"))
04:26:09 [DEBUG] (1) cs2_sdk::analysis::vtables: host.dll::HostUtils001 vtable @ host.dll+0x116F60 (22 methods, rtti=Some("CHostUtils"))
04:26:09 [DEBUG] (1) cs2_sdk::analysis::vtables: host.dll::PredictionDiffManager001 vtable @ host.dll+0x117C38 (15 methods, rtti=Some("CPredictionDiffMgr"))
04:26:09 [DEBUG] (1) cs2_sdk::analysis::vtables: host.dll::SaveRestoreDataVersion001 vtable @ host.dll+0x117CD8 (29 methods, rtti=Some("CSaveRestoreDataMgr"))
04:26:09 [DEBUG] (1) cs2_sdk::analysis::vtables: host.dll::SinglePlayerSharedMemory001 vtable @ host.dll+0x117E50 (12 methods, rtti=Some("CSPSharedMemoryManager"))
04:26:09 [DEBUG] (1) cs2_sdk::analysis::vtables: host.dll::Source2Host001 vtable @ host.dll+0x117F60 (16 methods, rtti=Some("CSource2HostBase"))
04:26:09 [DEBUG] (1) cs2_sdk::analysis::vtables: imemanager.dll::IMEManager001 vtable @ imemanager.dll+0x2F610 (23 methods, rtti=Some("CIMEManager"))
04:26:09 [DEBUG] (1) cs2_sdk::analysis::vtables: inputsystem.dll::InputStackSystemVersion001 vtable @ inputsystem.dll+0x33870 (30 methods, rtti=Some("CInputStackSystem"))
04:26:09 [DEBUG] (1) cs2_sdk::analysis::vtables: inputsystem.dll::InputSystemVersion001 vtable @ inputsystem.dll+0x35350 (107 methods, rtti=Some("CInputSystem"))
04:26:09 [DEBUG] (1) cs2_sdk::analysis::vtables: localize.dll::Localize_001 vtable @ localize.dll+0x56808 (117 methods, rtti=Some("CLocalize"))
04:26:09 [DEBUG] (1) cs2_sdk::analysis::vtables: matchmaking.dll::GameTypes001 vtable @ matchmaking.dll+0x183350 (76 methods, rtti=Some("GameTypes"))
04:26:09 [DEBUG] (1) cs2_sdk::analysis::vtables: matchmaking.dll::MATCHFRAMEWORK_001 vtable @ matchmaking.dll+0x160550 (30 methods, rtti=Some("CMatchFramework"))
04:26:09 [DEBUG] (1) cs2_sdk::analysis::vtables: materialsystem2.dll::FontManager_001 vtable @ materialsystem2.dll+0x127998 (44 methods, rtti=Some("CFontManager"))
04:26:09 [DEBUG] (1) cs2_sdk::analysis::vtables: materialsystem2.dll::MaterialUtils_001 vtable @ materialsystem2.dll+0x129010 (80 methods, rtti=Some("CMaterialSystem2Utils"))
04:26:09 [DEBUG] (1) cs2_sdk::analysis::vtables: materialsystem2.dll::PostProcessingSystem_001 vtable @ materialsystem2.dll+0x128840 (22 methods, rtti=Some("CPostProcessingSystem"))
04:26:09 [DEBUG] (1) cs2_sdk::analysis::vtables: materialsystem2.dll::TextLayout_001 vtable @ materialsystem2.dll+0x128E70 (132 methods, rtti=Some("CTextLayout"))
04:26:09 [DEBUG] (1) cs2_sdk::analysis::vtables: materialsystem2.dll::VMaterialSystem2_001 vtable @ materialsystem2.dll+0x126E50 (57 methods, rtti=Some("CMaterialSystem2"))
04:26:09 [DEBUG] (1) cs2_sdk::analysis::vtables: meshsystem.dll::MeshSystem001 vtable @ meshsystem.dll+0x1283A0 (47 methods, rtti=Some("CMeshSystem"))
04:26:09 [DEBUG] (1) cs2_sdk::analysis::vtables: navsystem.dll::NavSystem001 vtable @ navsystem.dll+0x108210 (13 methods, rtti=Some("CNavSystem"))
04:26:09 [DEBUG] (1) cs2_sdk::analysis::vtables: networksystem.dll::FlattenedSerializersVersion001 vtable @ networksystem.dll+0x229098 (92 methods, rtti=Some("CFlattenedSerializers"))
04:26:09 [DEBUG] (1) cs2_sdk::analysis::vtables: networksystem.dll::NetworkMessagesVersion001 vtable @ networksystem.dll+0x22D9E8 (87 methods, rtti=Some("CNetworkMessages"))
04:26:09 [DEBUG] (1) cs2_sdk::analysis::vtables: networksystem.dll::NetworkSystemVersion001 vtable @ networksystem.dll+0x230288 (62 methods, rtti=Some("CNetworkSystem"))
04:26:09 [DEBUG] (1) cs2_sdk::analysis::vtables: networksystem.dll::SerializedEntitiesVersion001 vtable @ networksystem.dll+0x234188 (25 methods, rtti=Some("CSerializedEntities"))
04:26:09 [DEBUG] (1) cs2_sdk::analysis::vtables: panorama.dll::PanoramaUIEngine001 vtable @ panorama.dll+0x443D70 (18 methods, rtti=Some("CPanoramaUIEngine"))
04:26:09 [DEBUG] (1) cs2_sdk::analysis::vtables: panorama_text_pango.dll::PanoramaTextServices001 vtable @ panorama_text_pango.dll+0x24DCC8 (47 methods, rtti=Some("panorama::CUITextServicesPango"))
04:26:09 [DEBUG] (1) cs2_sdk::analysis::vtables: panoramauiclient.dll::PanoramaUIClient001 vtable @ panoramauiclient.dll+0x25A2C8 (35 methods, rtti=Some("CPanoramaUIClient"))
04:26:09 [DEBUG] (1) cs2_sdk::analysis::vtables: particles.dll::ParticleSystemMgr003 vtable @ particles.dll+0x4543D8 (63 methods, rtti=Some("CParticleSystemMgr"))
04:26:09 [DEBUG] (1) cs2_sdk::analysis::vtables: pulse_system.dll::IPulseSystem_001 vtable @ pulse_system.dll+0x166C68 (76 methods, rtti=Some("CPulseSystem"))
04:26:09 [DEBUG] (1) cs2_sdk::analysis::vtables: rendersystemdx11.dll::RenderDeviceMgr001 vtable @ rendersystemdx11.dll+0x3ED678 (42 methods, rtti=Some("CRenderDeviceMgrDx11"))
04:26:09 [DEBUG] (1) cs2_sdk::analysis::vtables: rendersystemdx11.dll::RenderUtils_001 vtable @ rendersystemdx11.dll+0x3EEE68 (17 methods, rtti=Some("CRenderUtils"))
04:26:09 [DEBUG] (1) cs2_sdk::analysis::vtables: rendersystemdx11.dll::VRenderDeviceMgrBackdoor001 vtable @ rendersystemdx11.dll+0x3ED660 (45 methods, rtti=Some("CRenderDeviceMgrDx11"))
04:26:09 [DEBUG] (1) cs2_sdk::analysis::vtables: resourcesystem.dll::ResourceSystem013 vtable @ resourcesystem.dll+0x60E88 (117 methods, rtti=Some("CResourceSystem"))
04:26:09 [DEBUG] (1) cs2_sdk::analysis::vtables: scenefilecache.dll::ResponseRulesCache001 vtable @ scenefilecache.dll+0xD25F8 (19 methods, rtti=Some("CResponseRulesFileCache"))
04:26:09 [DEBUG] (1) cs2_sdk::analysis::vtables: scenefilecache.dll::SceneFileCache002 vtable @ scenefilecache.dll+0xD2B58 (14 methods, rtti=Some("CSceneFileCache"))
04:26:09 [DEBUG] (1) cs2_sdk::analysis::vtables: scenesystem.dll::RenderingPipelines_001 vtable @ scenesystem.dll+0x5DACD8 (11 methods, rtti=Some("CRenderingPipelines"))
04:26:09 [DEBUG] (1) cs2_sdk::analysis::vtables: scenesystem.dll::SceneSystem_002 vtable @ scenesystem.dll+0x5E22C0 (195 methods, rtti=Some("CSceneSystem"))
04:26:09 [DEBUG] (1) cs2_sdk::analysis::vtables: scenesystem.dll::SceneUtils_001 vtable @ scenesystem.dll+0x5EAB30 (83 methods, rtti=Some("CSceneUtils"))
04:26:09 [DEBUG] (1) cs2_sdk::analysis::vtables: schemasystem.dll::SchemaSystem_001 vtable @ schemasystem.dll+0x54B20 (222 methods, rtti=Some("CSchemaSystem"))
04:26:09 [DEBUG] (1) cs2_sdk::analysis::vtables: server.dll::EmptyWorldService001_Server vtable @ server.dll+0x16D9CD8 (23 methods, rtti=Some("CEmptyWorldService"))
04:26:09 [DEBUG] (1) cs2_sdk::analysis::vtables: server.dll::EntitySubclassUtilsV001 vtable @ server.dll+0x16189B0 (89 methods, rtti=Some("CServerEntitySubclassUtils"))
04:26:09 [DEBUG] (1) cs2_sdk::analysis::vtables: server.dll::NavGameTest001 vtable @ server.dll+0x181A398 (12 methods, rtti=Some("CNavGameTest"))
04:26:09 [DEBUG] (1) cs2_sdk::analysis::vtables: server.dll::ServerToolsInfo_001 vtable @ server.dll+0x17914A8 (12 methods, rtti=Some("CServerToolsInfo"))
04:26:09 [DEBUG] (1) cs2_sdk::analysis::vtables: server.dll::Source2GameClients001 vtable @ server.dll+0x1791DE8 (256 methods, rtti=Some("CSource2GameClients"))
04:26:09 [DEBUG] (1) cs2_sdk::analysis::vtables: server.dll::Source2GameDirector001 vtable @ server.dll+0x15AA730 (19 methods, rtti=Some("CCSHLTVDirector"))
04:26:09 [DEBUG] (1) cs2_sdk::analysis::vtables: server.dll::Source2GameEntities001 vtable @ server.dll+0x17904C8 (25 methods, rtti=Some("CSource2GameEntities"))
04:26:09 [DEBUG] (1) cs2_sdk::analysis::vtables: server.dll::Source2Server001 vtable @ server.dll+0x1790650 (100 methods, rtti=Some("CSource2Server"))
04:26:09 [DEBUG] (1) cs2_sdk::analysis::vtables: server.dll::Source2ServerConfig001 vtable @ server.dll+0x16C4838 (29 methods, rtti=Some("CCSGameConfiguration"))
04:26:09 [DEBUG] (1) cs2_sdk::analysis::vtables: server.dll::customnavsystem001 vtable @ server.dll+0x15E3EA8 (14 methods, rtti=Some("CCustomNavGenSystem"))
04:26:09 [DEBUG] (1) cs2_sdk::analysis::vtables: soundsystem.dll::SoundOpSystem001 vtable @ soundsystem.dll+0x498BF8 (132 methods, rtti=Some("CSoundOpSystem"))
04:26:09 [DEBUG] (1) cs2_sdk::analysis::vtables: soundsystem.dll::SoundOpSystemEdit001 vtable @ soundsystem.dll+0x4845C0 (100 methods, rtti=Some("CSosEdit"))
04:26:09 [DEBUG] (1) cs2_sdk::analysis::vtables: soundsystem.dll::SoundSystem001 vtable @ soundsystem.dll+0x480390 (133 methods, rtti=Some("CSoundSystem"))
04:26:09 [DEBUG] (1) cs2_sdk::analysis::vtables: steamaudio.dll::SteamAudio001 vtable @ steamaudio.dll+0x1ED578 (99 methods, rtti=Some("CSteamAudio"))
04:26:09 [DEBUG] (1) cs2_sdk::analysis::vtables: steamclient64.dll::IVALIDATE001 vtable @ steamclient64.dll+0x1333A28 (1 methods, rtti=Some("CSteamClientDLLValidate"))
04:26:09 [DEBUG] (1) cs2_sdk::analysis::vtables: steamclient64.dll::SteamClient006 vtable @ steamclient64.dll+0x12E1A80 (21 methods, rtti=Some("CAdapterSteamClient006"))
04:26:09 [DEBUG] (1) cs2_sdk::analysis::vtables: steamclient64.dll::SteamClient007 vtable @ steamclient64.dll+0x12E1B90 (22 methods, rtti=Some("CAdapterSteamClient007"))
04:26:09 [DEBUG] (1) cs2_sdk::analysis::vtables: steamclient64.dll::SteamClient008 vtable @ steamclient64.dll+0x12E1C88 (21 methods, rtti=Some("CAdapterSteamClient008"))
04:26:09 [DEBUG] (1) cs2_sdk::analysis::vtables: steamclient64.dll::SteamClient009 vtable @ steamclient64.dll+0x12E1D48 (22 methods, rtti=Some("CAdapterSteamClient009"))
04:26:09 [DEBUG] (1) cs2_sdk::analysis::vtables: steamclient64.dll::SteamClient010 vtable @ steamclient64.dll+0x12E1E20 (24 methods, rtti=Some("CAdapterSteamClient010"))
04:26:09 [DEBUG] (1) cs2_sdk::analysis::vtables: steamclient64.dll::SteamClient011 vtable @ steamclient64.dll+0x12E1F00 (25 methods, rtti=Some("CAdapterSteamClient011"))
04:26:09 [DEBUG] (1) cs2_sdk::analysis::vtables: steamclient64.dll::SteamClient012 vtable @ steamclient64.dll+0x12E1FF0 (27 methods, rtti=Some("CAdapterSteamClient012"))
04:26:09 [DEBUG] (1) cs2_sdk::analysis::vtables: steamclient64.dll::SteamClient013 vtable @ steamclient64.dll+0x12E20E8 (30 methods, rtti=Some("CAdapterSteamClient013"))
04:26:09 [DEBUG] (1) cs2_sdk::analysis::vtables: steamclient64.dll::SteamClient014 vtable @ steamclient64.dll+0x12E2208 (29 methods, rtti=Some("CAdapterSteamClient014"))
04:26:09 [DEBUG] (1) cs2_sdk::analysis::vtables: steamclient64.dll::SteamClient015 vtable @ steamclient64.dll+0x12E2310 (30 methods, rtti=Some("CAdapterSteamClient015"))
04:26:09 [DEBUG] (1) cs2_sdk::analysis::vtables: steamclient64.dll::SteamClient016 vtable @ steamclient64.dll+0x12E2428 (34 methods, rtti=Some("CAdapterSteamClient016"))
04:26:09 [DEBUG] (1) cs2_sdk::analysis::vtables: steamclient64.dll::SteamClient017 vtable @ steamclient64.dll+0x12E2560 (37 methods, rtti=Some("CAdapterSteamClient017"))
04:26:09 [DEBUG] (1) cs2_sdk::analysis::vtables: steamclient64.dll::SteamClient018 vtable @ steamclient64.dll+0x12E26A0 (40 methods, rtti=Some("CAdapterSteamClient018"))
04:26:09 [DEBUG] (1) cs2_sdk::analysis::vtables: steamclient64.dll::SteamClient019 vtable @ steamclient64.dll+0x12E2810 (41 methods, rtti=Some("CAdapterSteamClient019"))
04:26:09 [DEBUG] (1) cs2_sdk::analysis::vtables: steamclient64.dll::SteamClient020 vtable @ steamclient64.dll+0x12E14B8 (42 methods, rtti=Some("CAdapterSteamClient020"))
04:26:09 [DEBUG] (1) cs2_sdk::analysis::vtables: steamclient64.dll::SteamClient021 vtable @ steamclient64.dll+0x12E1620 (40 methods, rtti=Some("CAdapterSteamClient021"))
04:26:09 [DEBUG] (1) cs2_sdk::analysis::vtables: steamclient64.dll::SteamClient022 vtable @ steamclient64.dll+0x12E1778 (39 methods, rtti=Some("CAdapterSteamClient022"))
04:26:09 [DEBUG] (1) cs2_sdk::analysis::vtables: steamclient64.dll::SteamClient023 vtable @ steamclient64.dll+0x12E18D8 (38 methods, rtti=Some("CAdapterSteamClient023"))
04:26:09 [DEBUG] (1) cs2_sdk::analysis::vtables: steamclient64.dll::p2pvoicesingleton002 vtable @ steamclient64.dll+0x1180088 (17 methods, rtti=Some("CP2PVoiceSingleton"))
04:26:09 [DEBUG] (1) cs2_sdk::analysis::vtables: tier0.dll::TestScriptMgr001 vtable @ tier0.dll+0x32CF40 (18 methods, rtti=Some("CTestScriptMgr"))
04:26:09 [DEBUG] (1) cs2_sdk::analysis::vtables: tier0.dll::VEngineCvar007 vtable @ tier0.dll+0x3121B8 (50 methods, rtti=Some("CCvar"))
04:26:09 [DEBUG] (1) cs2_sdk::analysis::vtables: tier0.dll::VProcessUtils002 vtable @ tier0.dll+0x32B2E0 (59 methods, rtti=Some("CProcessUtils"))
04:26:09 [DEBUG] (1) cs2_sdk::analysis::vtables: tier0.dll::VStringTokenSystem001 vtable @ tier0.dll+0x32FCA0 (13 methods, rtti=Some("CUtlStringTokenSystem"))
04:26:09 [DEBUG] (1) cs2_sdk::analysis::vtables: v8system.dll::Source2V8System001 vtable @ v8system.dll+0x2AF18 (19 methods, rtti=Some("CSource2V8System"))
04:26:09 [DEBUG] (1) cs2_sdk::analysis::vtables: vconcomm.dll::VConComm001 vtable @ vconcomm.dll+0x2D848 (50 methods, rtti=Some("CVConComm"))
04:26:09 [DEBUG] (1) cs2_sdk::analysis::vtables: vphysics2.dll::VPhysics2_Interface_001 vtable @ vphysics2.dll+0x3AD798 (169 methods, rtti=Some("CVPhysics2Interface"))
04:26:09 [DEBUG] (1) cs2_sdk::analysis::vtables: vscript.dll::VScriptManager010 vtable @ vscript.dll+0x129030 (59 methods, rtti=Some("CScriptManager"))
04:26:09 [DEBUG] (1) cs2_sdk::analysis::vtables: vstdlib_s64.dll::IVALIDATE001 vtable @ vstdlib_s64.dll+0x56840 (1 methods, rtti=Some("CVStdLibDLLValidate"))
04:26:09 [DEBUG] (1) cs2_sdk::analysis::vtables: vstdlib_s64.dll::VEngineCvar002 vtable @ vstdlib_s64.dll+0x4FE90 (13 methods, rtti=Some("CDefaultCvar"))
04:26:09 [DEBUG] (1) cs2_sdk::analysis::vtables: worldrenderer.dll::WorldRendererMgr001 vtable @ worldrenderer.dll+0x195E58 (102 methods, rtti=Some("CWorldRendererMgr"))
04:26:09 [INFO] dumped 130 interface vtables (7322 method slots, 130 class names recovered via RTTI) across 34 modules
04:26:28 [WARN] 35 signature(s) matched more than once in their .text section — consider tightening
